<?xml version="1.0" encoding="UTF-8"?>
<!-- Generated by org.testng.reporters.JUnitXMLReporter -->
<testsuite hostname="Yoga-Flame" name="Checking annotations" tests="16" failures="0" timestamp="7 Sep 2017 20:41:32 GMT" time="11.246" errors="0">
  <testcase name="@BeforeTest invokeChromeDriver" time="0.0" classname="comNGFramework.Practice01_Annotations">
    <failure type="org.openqa.selenium.WebDriverException" message="chrome not reachable
  (Session info: chrome=60.0.3112.113)
  (Driver info: chromedriver=2.31.488763 (092de99f48a300323ecf8c2a4e2e7cab51de5ba8),platform=Windows NT 10.0.15063 x86_64) (WARNING: The server did not provide any stacktrace information)
Command duration or timeout: 0 milliseconds
Build info: version: &amp;apos;3.5.3&amp;apos;, revision: &amp;apos;a88d25fe6b&amp;apos;, time: &amp;apos;2017-08-29T12:54:15.039Z&amp;apos;
System info: host: &amp;apos;YOGA-FLAME&amp;apos;, ip: &amp;apos;192.168.89.45&amp;apos;, os.name: &amp;apos;Windows 10&amp;apos;, os.arch: &amp;apos;amd64&amp;apos;, os.version: &amp;apos;10.0&amp;apos;, java.version: &amp;apos;1.8.0_131&amp;apos;
Driver info: org.openqa.selenium.chrome.ChromeDriver
Capabilities [{mobileEmulationEnabled=false, hasTouchScreen=false, platform=XP, acceptSslCerts=true, webStorageEnabled=true, browserName=chrome, takesScreenshot=true, javascriptEnabled=true, platformName=XP, setWindowRect=true, unexpectedAlertBehaviour=, applicationCacheEnabled=false, rotatable=false, networkConnectionEnabled=false, chrome={chromedriverVersion=2.31.488763 (092de99f48a300323ecf8c2a4e2e7cab51de5ba8), userDataDir=C:\Users\Paul\AppData\Local\Temp\scoped_dir16960_7989}, takesHeapSnapshot=true, pageLoadStrategy=normal, unhandledPromptBehavior=, databaseEnabled=false, handlesAlerts=true, version=60.0.3112.113, browserConnectionEnabled=false, nativeEvents=true, locationContextEnabled=true, cssSelectorsEnabled=true}]
Session ID: deb9819d8fd068c1983c3e3f8d173ccd">
      <![CDATA[org.openqa.selenium.WebDriverException: chrome not reachable
  (Session info: chrome=60.0.3112.113)
  (Driver info: chromedriver=2.31.488763 (092de99f48a300323ecf8c2a4e2e7cab51de5ba8),platform=Windows NT 10.0.15063 x86_64) (WARNING: The server did not provide any stacktrace information)
Command duration or timeout: 0 milliseconds
Build info: version: '3.5.3', revision: 'a88d25fe6b', time: '2017-08-29T12:54:15.039Z'
System info: host: 'YOGA-FLAME', ip: '192.168.89.45', os.name: 'Windows 10', os.arch: 'amd64', os.version: '10.0', java.version: '1.8.0_131'
Driver info: org.openqa.selenium.chrome.ChromeDriver
Capabilities [{mobileEmulationEnabled=false, hasTouchScreen=false, platform=XP, acceptSslCerts=true, webStorageEnabled=true, browserName=chrome, takesScreenshot=true, javascriptEnabled=true, platformName=XP, setWindowRect=true, unexpectedAlertBehaviour=, applicationCacheEnabled=false, rotatable=false, networkConnectionEnabled=false, chrome={chromedriverVersion=2.31.488763 (092de99f48a300323ecf8c2a4e2e7cab51de5ba8), userDataDir=C:\Users\Paul\AppData\Local\Temp\scoped_dir16960_7989}, takesHeapSnapshot=true, pageLoadStrategy=normal, unhandledPromptBehavior=, databaseEnabled=false, handlesAlerts=true, version=60.0.3112.113, browserConnectionEnabled=false, nativeEvents=true, locationContextEnabled=true, cssSelectorsEnabled=true}]
Session ID: deb9819d8fd068c1983c3e3f8d173ccd
	at org.openqa.selenium.remote.ErrorHandler.createThrowable(ErrorHandler.java:215)
	at org.openqa.selenium.remote.ErrorHandler.throwIfResponseFailed(ErrorHandler.java:167)
	at org.openqa.selenium.remote.http.JsonHttpResponseCodec.reconstructValue(JsonHttpResponseCodec.java:40)
	at org.openqa.selenium.remote.http.AbstractHttpResponseCodec.decode(AbstractHttpResponseCodec.java:82)
	at org.openqa.selenium.remote.http.AbstractHttpResponseCodec.decode(AbstractHttpResponseCodec.java:45)
	at org.openqa.selenium.remote.HttpCommandExecutor.execute(HttpCommandExecutor.java:164)
	at org.openqa.selenium.remote.service.DriverCommandExecutor.execute(DriverCommandExecutor.java:82)
	at org.openqa.selenium.remote.RemoteWebDriver.execute(RemoteWebDriver.java:646)
	at org.openqa.selenium.remote.RemoteWebDriver.get(RemoteWebDriver.java:370)
	at comNGFramework.Practice04_GroupingTests.invokeChromeDriver(Practice04_GroupingTests.java:21)
... Removed 25 stack frames]]>
    </failure>
  </testcase> <!-- @BeforeTest invokeChromeDriver -->
  <testcase name="@BeforeTest InvokeWebDriver" time="0.0" classname="comNGFramework.Practice01_Annotations">
    <skipped/>
  </testcase> <!-- @BeforeTest InvokeWebDriver -->
  <testcase name="@BeforeTest initiateChromeLaunch" time="0.0" classname="comNGFramework.Practice01_Annotations">
    <skipped/>
  </testcase> <!-- @BeforeTest initiateChromeLaunch -->
  <testcase name="@BeforeMethod userGeneratedID" time="0.0" classname="comNGFramework.Practice01_Annotations">
    <skipped/>
  </testcase> <!-- @BeforeMethod userGeneratedID -->
  <testcase name="@AfterMethod postMethodResult" time="0.0" classname="comNGFramework.Practice01_Annotations">
    <skipped/>
  </testcase> <!-- @AfterMethod postMethodResult -->
  <testcase name="@BeforeMethod userGeneratedID" time="0.0" classname="comNGFramework.Practice01_Annotations">
    <skipped/>
  </testcase> <!-- @BeforeMethod userGeneratedID -->
  <testcase name="@AfterMethod postMethodResult" time="0.0" classname="comNGFramework.Practice01_Annotations">
    <skipped/>
  </testcase> <!-- @AfterMethod postMethodResult -->
  <testcase name="@AfterTest delCookiesCloseBrowser" time="0.0" classname="comNGFramework.Practice01_Annotations">
    <skipped/>
  </testcase> <!-- @AfterTest delCookiesCloseBrowser -->
  <testcase name="@AfterTest closeBrowser" time="0.0" classname="comNGFramework.Practice01_Annotations">
    <skipped/>
  </testcase> <!-- @AfterTest closeBrowser -->
  <testcase name="printErrorMessage" time="0.0" classname="comNGFramework.Practice01_Annotations">
    <skipped/>
  </testcase> <!-- printErrorMessage -->
  <testcase name="openingBrowser" time="0.0" classname="comNGFramework.Practice01_Annotations">
    <skipped/>
  </testcase> <!-- openingBrowser -->
  <testcase name="openBrowser" time="0.0" classname="comNGFramework.Practice03_DependencyAnnotations">
    <skipped/>
  </testcase> <!-- openBrowser -->
  <testcase name="timeOutAttribute" time="0.0" classname="comNGFramework.Practice03_DependencyAnnotations">
    <skipped/>
  </testcase> <!-- timeOutAttribute -->
  <testcase name="openBrowser" time="0.0" classname="comNGFramework.Practice10_InheritanceExtends">
    <skipped/>
  </testcase> <!-- openBrowser -->
  <testcase name="openTravelWebsite" time="0.0" classname="comNGFramework.Practice03_DependencyAnnotations">
    <skipped/>
  </testcase> <!-- openTravelWebsite -->
  <testcase name="assertSitemapPage" time="0.0" classname="comNGFramework.Practice04_GroupingTests">
    <skipped/>
  </testcase> <!-- assertSitemapPage -->
  <testcase name="openContactForm" time="0.0" classname="comNGFramework.Practice04_GroupingTests">
    <skipped/>
  </testcase> <!-- openContactForm -->
  <testcase name="openSocialMedia" time="0.0" classname="comNGFramework.Practice04_GroupingTests">
    <skipped/>
  </testcase> <!-- openSocialMedia -->
  <testcase name="testCountDropMethod" time="0.0" classname="comNGFramework.Practice05_DataDrivenMethod">
    <skipped/>
  </testcase> <!-- testCountDropMethod -->
  <testcase name="testCountDropMethod" time="0.0" classname="comNGFramework.Practice05_DataDrivenMethod">
    <skipped/>
  </testcase> <!-- testCountDropMethod -->
  <testcase name="testCountDropMethod" time="0.0" classname="comNGFramework.Practice05_DataDrivenMethod">
    <skipped/>
  </testcase> <!-- testCountDropMethod -->
  <testcase name="testing" time="0.0" classname="comNGFramework.Practice06_ParamatisingFromXML">
    <skipped/>
  </testcase> <!-- testing -->
  <testcase name="login" time="0.0" classname="comNGFramework.Practice07b_GllobalParamPlayAround">
    <skipped/>
  </testcase> <!-- login -->
  <testcase name="login" time="0.0" classname="comNGFramework.Practice07_GllobalParameterization">
    <skipped/>
  </testcase> <!-- login -->
  <testcase name="login" time="0.0" classname="comNGFramework.Practice08_IfElseWebDrivers">
    <skipped/>
  </testcase> <!-- login -->
</testsuite> <!-- Checking annotations -->
