<html>
<head>
<title>TestNG:  Checking annotations</title>
<link href="../testng.css" rel="stylesheet" type="text/css" />
<link href="../my-testng.css" rel="stylesheet" type="text/css" />

<style type="text/css">
.log { display: none;} 
.stack-trace { display: none;} 
</style>
<script type="text/javascript">
<!--
function flip(e) {
  current = e.style.display;
  if (current == 'block') {
    e.style.display = 'none';
    return 0;
  }
  else {
    e.style.display = 'block';
    return 1;
  }
}

function toggleBox(szDivId, elem, msg1, msg2)
{
  var res = -1;  if (document.getElementById) {
    res = flip(document.getElementById(szDivId));
  }
  else if (document.all) {
    // this is the way old msie versions work
    res = flip(document.all[szDivId]);
  }
  if(elem) {
    if(res == 0) elem.innerHTML = msg1; else elem.innerHTML = msg2;
  }

}

function toggleAllBoxes() {
  if (document.getElementsByTagName) {
    d = document.getElementsByTagName('div');
    for (i = 0; i < d.length; i++) {
      if (d[i].className == 'log') {
        flip(d[i]);
      }
    }
  }
}

// -->
</script>

</head>
<body>
<h2 align='center'>Checking annotations</h2><table border='1' align="center">
<tr>
<td>Tests passed/Failed/Skipped:</td><td>0/0/16</td>
</tr><tr>
<td>Started on:</td><td>Thu Sep 07 22:41:21 CEST 2017</td>
</tr>
<tr><td>Total time:</td><td>11 seconds (11246 ms)</td>
</tr><tr>
<td>Included groups:</td><td></td>
</tr><tr>
<td>Excluded groups:</td><td></td>
</tr>
</table><p/>
<small><i>(Hover the method name to see the test class name)</i></small><p/>
<table width='100%' border='1' class='invocation-failed'>
<tr><td colspan='4' align='center'><b>FAILED CONFIGURATIONS</b></td></tr>
<tr><td><b>Test method</b></td>
<td width="30%"><b>Exception</b></td>
<td width="10%"><b>Time (seconds)</b></td>
<td><b>Instance</b></td>
</tr>
<tr>
<td title='comNGFramework.Practice01_Annotations.invokeChromeDriver()'><b>invokeChromeDriver</b><br>Test class: comNGFramework.Practice01_Annotations</td>
<td><div><pre>org.openqa.selenium.WebDriverException: chrome not reachable
  (Session info: chrome=60.0.3112.113)
  (Driver info: chromedriver=2.31.488763 (092de99f48a300323ecf8c2a4e2e7cab51de5ba8),platform=Windows NT 10.0.15063 x86_64) (WARNING: The server did not provide any stacktrace information)
Command duration or timeout: 0 milliseconds
Build info: version: &apos;3.5.3&apos;, revision: &apos;a88d25fe6b&apos;, time: &apos;2017-08-29T12:54:15.039Z&apos;
System info: host: &apos;YOGA-FLAME&apos;, ip: &apos;192.168.89.45&apos;, os.name: &apos;Windows 10&apos;, os.arch: &apos;amd64&apos;, os.version: &apos;10.0&apos;, java.version: &apos;1.8.0_131&apos;
Driver info: org.openqa.selenium.chrome.ChromeDriver
Capabilities [{mobileEmulationEnabled=false, hasTouchScreen=false, platform=XP, acceptSslCerts=true, webStorageEnabled=true, browserName=chrome, takesScreenshot=true, javascriptEnabled=true, platformName=XP, setWindowRect=true, unexpectedAlertBehaviour=, applicationCacheEnabled=false, rotatable=false, networkConnectionEnabled=false, chrome={chromedriverVersion=2.31.488763 (092de99f48a300323ecf8c2a4e2e7cab51de5ba8), userDataDir=C:\Users\Paul\AppData\Local\Temp\scoped_dir16960_7989}, takesHeapSnapshot=true, pageLoadStrategy=normal, unhandledPromptBehavior=, databaseEnabled=false, handlesAlerts=true, version=60.0.3112.113, browserConnectionEnabled=false, nativeEvents=true, locationContextEnabled=true, cssSelectorsEnabled=true}]
Session ID: deb9819d8fd068c1983c3e3f8d173ccd
	at org.openqa.selenium.remote.ErrorHandler.createThrowable(ErrorHandler.java:215)
	at org.openqa.selenium.remote.ErrorHandler.throwIfResponseFailed(ErrorHandler.java:167)
	at org.openqa.selenium.remote.http.JsonHttpResponseCodec.reconstructValue(JsonHttpResponseCodec.java:40)
	at org.openqa.selenium.remote.http.AbstractHttpResponseCodec.decode(AbstractHttpResponseCodec.java:82)
	at org.openqa.selenium.remote.http.AbstractHttpResponseCodec.decode(AbstractHttpResponseCodec.java:45)
	at org.openqa.selenium.remote.HttpCommandExecutor.execute(HttpCommandExecutor.java:164)
	at org.openqa.selenium.remote.service.DriverCommandExecutor.execute(DriverCommandExecutor.java:82)
	at org.openqa.selenium.remote.RemoteWebDriver.execute(RemoteWebDriver.java:646)
	at org.openqa.selenium.remote.RemoteWebDriver.get(RemoteWebDriver.java:370)
	at comNGFramework.Practice04_GroupingTests.invokeChromeDriver(Practice04_GroupingTests.java:21)
... Removed 25 stack frames</pre></div><a href='#' onClick='toggleBox("stack-trace797814020", this, "Click to show all stack frames", "Click to hide stack frames")'>Click to show all stack frames</a>
<div class='stack-trace' id='stack-trace797814020'><pre>org.openqa.selenium.WebDriverException: chrome not reachable
  (Session info: chrome=60.0.3112.113)
  (Driver info: chromedriver=2.31.488763 (092de99f48a300323ecf8c2a4e2e7cab51de5ba8),platform=Windows NT 10.0.15063 x86_64) (WARNING: The server did not provide any stacktrace information)
Command duration or timeout: 0 milliseconds
Build info: version: &apos;3.5.3&apos;, revision: &apos;a88d25fe6b&apos;, time: &apos;2017-08-29T12:54:15.039Z&apos;
System info: host: &apos;YOGA-FLAME&apos;, ip: &apos;192.168.89.45&apos;, os.name: &apos;Windows 10&apos;, os.arch: &apos;amd64&apos;, os.version: &apos;10.0&apos;, java.version: &apos;1.8.0_131&apos;
Driver info: org.openqa.selenium.chrome.ChromeDriver
Capabilities [{mobileEmulationEnabled=false, hasTouchScreen=false, platform=XP, acceptSslCerts=true, webStorageEnabled=true, browserName=chrome, takesScreenshot=true, javascriptEnabled=true, platformName=XP, setWindowRect=true, unexpectedAlertBehaviour=, applicationCacheEnabled=false, rotatable=false, networkConnectionEnabled=false, chrome={chromedriverVersion=2.31.488763 (092de99f48a300323ecf8c2a4e2e7cab51de5ba8), userDataDir=C:\Users\Paul\AppData\Local\Temp\scoped_dir16960_7989}, takesHeapSnapshot=true, pageLoadStrategy=normal, unhandledPromptBehavior=, databaseEnabled=false, handlesAlerts=true, version=60.0.3112.113, browserConnectionEnabled=false, nativeEvents=true, locationContextEnabled=true, cssSelectorsEnabled=true}]
Session ID: deb9819d8fd068c1983c3e3f8d173ccd
	at sun.reflect.NativeConstructorAccessorImpl.newInstance0(Native Method)
	at sun.reflect.NativeConstructorAccessorImpl.newInstance(NativeConstructorAccessorImpl.java:62)
	at sun.reflect.DelegatingConstructorAccessorImpl.newInstance(DelegatingConstructorAccessorImpl.java:45)
	at java.lang.reflect.Constructor.newInstance(Constructor.java:423)
	at org.openqa.selenium.remote.ErrorHandler.createThrowable(ErrorHandler.java:215)
	at org.openqa.selenium.remote.ErrorHandler.throwIfResponseFailed(ErrorHandler.java:167)
	at org.openqa.selenium.remote.http.JsonHttpResponseCodec.reconstructValue(JsonHttpResponseCodec.java:40)
	at org.openqa.selenium.remote.http.AbstractHttpResponseCodec.decode(AbstractHttpResponseCodec.java:82)
	at org.openqa.selenium.remote.http.AbstractHttpResponseCodec.decode(AbstractHttpResponseCodec.java:45)
	at org.openqa.selenium.remote.HttpCommandExecutor.execute(HttpCommandExecutor.java:164)
	at org.openqa.selenium.remote.service.DriverCommandExecutor.execute(DriverCommandExecutor.java:82)
	at org.openqa.selenium.remote.RemoteWebDriver.execute(RemoteWebDriver.java:646)
	at org.openqa.selenium.remote.RemoteWebDriver.get(RemoteWebDriver.java:370)
	at comNGFramework.Practice04_GroupingTests.invokeChromeDriver(Practice04_GroupingTests.java:21)
	at sun.reflect.NativeMethodAccessorImpl.invoke0(Native Method)
	at sun.reflect.NativeMethodAccessorImpl.invoke(NativeMethodAccessorImpl.java:62)
	at sun.reflect.DelegatingMethodAccessorImpl.invoke(DelegatingMethodAccessorImpl.java:43)
	at java.lang.reflect.Method.invoke(Method.java:498)
	at org.testng.internal.MethodInvocationHelper.invokeMethod(MethodInvocationHelper.java:85)
	at org.testng.internal.Invoker.invokeConfigurationMethod(Invoker.java:510)
	at org.testng.internal.Invoker.invokeConfigurations(Invoker.java:211)
	at org.testng.internal.Invoker.invokeConfigurations(Invoker.java:138)
	at org.testng.TestRunner.beforeRun(TestRunner.java:648)
	at org.testng.TestRunner.run(TestRunner.java:616)
	at org.testng.SuiteRunner.runTest(SuiteRunner.java:359)
	at org.testng.SuiteRunner.runSequentially(SuiteRunner.java:354)
	at org.testng.SuiteRunner.privateRun(SuiteRunner.java:312)
	at org.testng.SuiteRunner.run(SuiteRunner.java:261)
	at org.testng.SuiteRunnerWorker.runSuite(SuiteRunnerWorker.java:52)
	at org.testng.SuiteRunnerWorker.run(SuiteRunnerWorker.java:86)
	at org.testng.TestNG.runSuitesSequentially(TestNG.java:1215)
	at org.testng.TestNG.runSuitesLocally(TestNG.java:1140)
	at org.testng.TestNG.run(TestNG.java:1048)
	at org.testng.TestNG.privateMain(TestNG.java:1355)
	at org.testng.TestNG.main(TestNG.java:1324)
</pre></div></td>
<td>0</td>
<td>null</td></tr>
</table><p>
<table width='100%' border='1' class='invocation-skipped'>
<tr><td colspan='4' align='center'><b>SKIPPED CONFIGURATIONS</b></td></tr>
<tr><td><b>Test method</b></td>
<td width="30%"><b>Exception</b></td>
<td width="10%"><b>Time (seconds)</b></td>
<td><b>Instance</b></td>
</tr>
<tr>
<td title='comNGFramework.Practice01_Annotations.InvokeWebDriver()'><b>InvokeWebDriver</b><br>Test class: comNGFramework.Practice01_Annotations</td>
<td></td>
<td>0</td>
<td>null</td></tr>
<tr>
<td title='comNGFramework.Practice01_Annotations.initiateChromeLaunch()'><b>initiateChromeLaunch</b><br>Test class: comNGFramework.Practice01_Annotations</td>
<td></td>
<td>0</td>
<td>null</td></tr>
<tr>
<td title='comNGFramework.Practice01_Annotations.userGeneratedID()'><b>userGeneratedID</b><br>Test class: comNGFramework.Practice01_Annotations</td>
<td></td>
<td>0</td>
<td>comNGFramework.Practice01_Annotations@2471cca7</td></tr>
<tr>
<td title='comNGFramework.Practice01_Annotations.userGeneratedID()'><b>userGeneratedID</b><br>Test class: comNGFramework.Practice01_Annotations</td>
<td></td>
<td>0</td>
<td>comNGFramework.Practice01_Annotations@2471cca7</td></tr>
<tr>
<td title='comNGFramework.Practice01_Annotations.postMethodResult()'><b>postMethodResult</b><br>Test class: comNGFramework.Practice01_Annotations</td>
<td></td>
<td>0</td>
<td>comNGFramework.Practice01_Annotations@2471cca7</td></tr>
<tr>
<td title='comNGFramework.Practice01_Annotations.postMethodResult()'><b>postMethodResult</b><br>Test class: comNGFramework.Practice01_Annotations</td>
<td></td>
<td>0</td>
<td>comNGFramework.Practice01_Annotations@2471cca7</td></tr>
<tr>
<td title='comNGFramework.Practice01_Annotations.delCookiesCloseBrowser()'><b>delCookiesCloseBrowser</b><br>Test class: comNGFramework.Practice01_Annotations</td>
<td></td>
<td>0</td>
<td>null</td></tr>
<tr>
<td title='comNGFramework.Practice01_Annotations.closeBrowser()'><b>closeBrowser</b><br>Test class: comNGFramework.Practice01_Annotations</td>
<td></td>
<td>0</td>
<td>null</td></tr>
</table><p>
<table width='100%' border='1' class='invocation-skipped'>
<tr><td colspan='4' align='center'><b>SKIPPED TESTS</b></td></tr>
<tr><td><b>Test method</b></td>
<td width="30%"><b>Exception</b></td>
<td width="10%"><b>Time (seconds)</b></td>
<td><b>Instance</b></td>
</tr>
<tr>
<td title='comNGFramework.Practice04_GroupingTests.assertSitemapPage()'><b>assertSitemapPage</b><br>Test class: comNGFramework.Practice04_GroupingTests</td>
<td></td>
<td>0</td>
<td>comNGFramework.Practice04_GroupingTests@5fe5c6f</td></tr>
<tr>
<td title='comNGFramework.Practice07b_GllobalParamPlayAround.login()'><b>login</b><br>Test class: comNGFramework.Practice07b_GllobalParamPlayAround</td>
<td></td>
<td>0</td>
<td>comNGFramework.Practice07b_GllobalParamPlayAround@763d9750</td></tr>
<tr>
<td title='comNGFramework.Practice07_GllobalParameterization.login()'><b>login</b><br>Test class: comNGFramework.Practice07_GllobalParameterization</td>
<td></td>
<td>0</td>
<td>comNGFramework.Practice07_GllobalParameterization@d70c109</td></tr>
<tr>
<td title='comNGFramework.Practice08_IfElseWebDrivers.login()'><b>login</b><br>Test class: comNGFramework.Practice08_IfElseWebDrivers</td>
<td></td>
<td>0</td>
<td>comNGFramework.Practice08_IfElseWebDrivers@17ed40e0</td></tr>
<tr>
<td title='comNGFramework.Practice03_DependencyAnnotations.openBrowser()'><b>openBrowser</b><br>Test class: comNGFramework.Practice03_DependencyAnnotations</td>
<td></td>
<td>0</td>
<td>comNGFramework.Practice03_DependencyAnnotations@5c0369c4</td></tr>
<tr>
<td title='comNGFramework.Practice10_InheritanceExtends.openBrowser()'><b>openBrowser</b><br>Test class: comNGFramework.Practice10_InheritanceExtends</td>
<td></td>
<td>0</td>
<td>comNGFramework.Practice10_InheritanceExtends@50675690</td></tr>
<tr>
<td title='comNGFramework.Practice04_GroupingTests.openContactForm()'><b>openContactForm</b><br>Test class: comNGFramework.Practice04_GroupingTests</td>
<td></td>
<td>0</td>
<td>comNGFramework.Practice04_GroupingTests@5fe5c6f</td></tr>
<tr>
<td title='comNGFramework.Practice04_GroupingTests.openSocialMedia()'><b>openSocialMedia</b><br>Test class: comNGFramework.Practice04_GroupingTests</td>
<td></td>
<td>0</td>
<td>comNGFramework.Practice04_GroupingTests@5fe5c6f</td></tr>
<tr>
<td title='comNGFramework.Practice03_DependencyAnnotations.openTravelWebsite()'><b>openTravelWebsite</b><br>Test class: comNGFramework.Practice03_DependencyAnnotations</td>
<td></td>
<td>0</td>
<td>comNGFramework.Practice03_DependencyAnnotations@5c0369c4</td></tr>
<tr>
<td title='comNGFramework.Practice01_Annotations.openingBrowser()'><b>openingBrowser</b><br>Test class: comNGFramework.Practice01_Annotations</td>
<td></td>
<td>0</td>
<td>comNGFramework.Practice01_Annotations@2471cca7</td></tr>
<tr>
<td title='comNGFramework.Practice01_Annotations.printErrorMessage()'><b>printErrorMessage</b><br>Test class: comNGFramework.Practice01_Annotations</td>
<td></td>
<td>0</td>
<td>comNGFramework.Practice01_Annotations@2471cca7</td></tr>
<tr>
<td title='comNGFramework.Practice05_DataDrivenMethod.testCountDropMethod()'><b>testCountDropMethod</b><br>Test class: comNGFramework.Practice05_DataDrivenMethod<br>Parameters: //div[@class='btn-group bootstrap-select show-tick']/button[@title='Practice'], //button[@title='Practice']/../select[@name='practice']/option</td>
<td></td>
<td>0</td>
<td>comNGFramework.Practice05_DataDrivenMethod@2be94b0f</td></tr>
<tr>
<td title='comNGFramework.Practice05_DataDrivenMethod.testCountDropMethod()'><b>testCountDropMethod</b><br>Test class: comNGFramework.Practice05_DataDrivenMethod<br>Parameters: Second run just a string passed, First bracket has the iteration number, other is the second parameter</td>
<td></td>
<td>0</td>
<td>comNGFramework.Practice05_DataDrivenMethod@2be94b0f</td></tr>
<tr>
<td title='comNGFramework.Practice05_DataDrivenMethod.testCountDropMethod()'><b>testCountDropMethod</b><br>Test class: comNGFramework.Practice05_DataDrivenMethod<br>Parameters: , </td>
<td></td>
<td>0</td>
<td>comNGFramework.Practice05_DataDrivenMethod@2be94b0f</td></tr>
<tr>
<td title='comNGFramework.Practice06_ParamatisingFromXML.testing()'><b>testing</b><br>Test class: comNGFramework.Practice06_ParamatisingFromXML</td>
<td><div><pre>org.testng.TestNGException: 
Parameter &apos;LiveSite&apos; is required by @Test on method testing but has not been marked @Optional or defined
in C:\Users\Paul\eclipse-workspace\comNGFramework\RunPackageLevel.xml
... Removed 21 stack frames</pre></div><a href='#' onClick='toggleBox("stack-trace1806431167", this, "Click to show all stack frames", "Click to hide stack frames")'>Click to show all stack frames</a>
<div class='stack-trace' id='stack-trace1806431167'><pre>org.testng.TestNGException: 
Parameter &apos;LiveSite&apos; is required by @Test on method testing but has not been marked @Optional or defined
in C:\Users\Paul\eclipse-workspace\comNGFramework\RunPackageLevel.xml
	at org.testng.internal.Parameters.createParameters(Parameters.java:154)
	at org.testng.internal.Parameters.createParameters(Parameters.java:361)
	at org.testng.internal.Parameters.handleParameters(Parameters.java:451)
	at org.testng.internal.Invoker.handleParameters(Invoker.java:1270)
	at org.testng.internal.Invoker.createParameters(Invoker.java:985)
	at org.testng.internal.Invoker.invokeTestMethods(Invoker.java:1075)
	at org.testng.internal.TestMethodWorker.invokeTestMethods(TestMethodWorker.java:125)
	at org.testng.internal.TestMethodWorker.run(TestMethodWorker.java:108)
	at org.testng.TestRunner.privateRun(TestRunner.java:774)
	at org.testng.TestRunner.run(TestRunner.java:624)
	at org.testng.SuiteRunner.runTest(SuiteRunner.java:359)
	at org.testng.SuiteRunner.runSequentially(SuiteRunner.java:354)
	at org.testng.SuiteRunner.privateRun(SuiteRunner.java:312)
	at org.testng.SuiteRunner.run(SuiteRunner.java:261)
	at org.testng.SuiteRunnerWorker.runSuite(SuiteRunnerWorker.java:52)
	at org.testng.SuiteRunnerWorker.run(SuiteRunnerWorker.java:86)
	at org.testng.TestNG.runSuitesSequentially(TestNG.java:1215)
	at org.testng.TestNG.runSuitesLocally(TestNG.java:1140)
	at org.testng.TestNG.run(TestNG.java:1048)
	at org.testng.TestNG.privateMain(TestNG.java:1355)
	at org.testng.TestNG.main(TestNG.java:1324)
</pre></div></td>
<td>0</td>
<td>comNGFramework.Practice06_ParamatisingFromXML@6979e8cb</td></tr>
<tr>
<td title='comNGFramework.Practice03_DependencyAnnotations.timeOutAttribute()'><b>timeOutAttribute</b><br>Test class: comNGFramework.Practice03_DependencyAnnotations</td>
<td></td>
<td>0</td>
<td>comNGFramework.Practice03_DependencyAnnotations@5c0369c4</td></tr>
</table><p>
</body>
</html>