<?xml version="1.0" encoding="UTF-8"?>
<testng-results skipped="16" failed="0" total="16" passed="0">
  <reporter-output>
  </reporter-output>
  <suite name="Automation from package level" duration-ms="11246" started-at="2017-09-07T20:41:21Z" finished-at="2017-09-07T20:41:32Z">
    <groups>
      <group name="Priority1">
        <method signature="Practice04_GroupingTests.assertSitemapPage()[pri:0, instance:comNGFramework.Practice04_GroupingTests@5fe5c6f]" name="assertSitemapPage" class="comNGFramework.Practice04_GroupingTests"/>
        <method signature="Practice04_GroupingTests.openContactForm()[pri:0, instance:comNGFramework.Practice04_GroupingTests@5fe5c6f]" name="openContactForm" class="comNGFramework.Practice04_GroupingTests"/>
      </group> <!-- Priority1 -->
      <group name="Priority2">
        <method signature="Practice04_GroupingTests.openSocialMedia()[pri:0, instance:comNGFramework.Practice04_GroupingTests@5fe5c6f]" name="openSocialMedia" class="comNGFramework.Practice04_GroupingTests"/>
      </group> <!-- Priority2 -->
    </groups>
    <test name="Checking annotations" duration-ms="11246" started-at="2017-09-07T20:41:21Z" finished-at="2017-09-07T20:41:32Z">
      <class name="comNGFramework.Practice07b_GllobalParamPlayAround">
        <test-method status="SKIP" signature="login()[pri:0, instance:comNGFramework.Practice07b_GllobalParamPlayAround@763d9750]" name="login" duration-ms="0" started-at="2017-09-07T22:41:32Z" finished-at="2017-09-07T22:41:32Z">
          <reporter-output>
          </reporter-output>
        </test-method> <!-- login -->
      </class> <!-- comNGFramework.Practice07b_GllobalParamPlayAround -->
      <class name="comNGFramework.Practice01_Annotations">
        <test-method status="PASS" signature="preReq()[pri:0, instance:comNGFramework.Practice01_Annotations@2471cca7]" name="preReq" is-config="true" duration-ms="47" started-at="2017-09-07T22:41:21Z" finished-at="2017-09-07T22:41:21Z">
          <reporter-output>
          </reporter-output>
        </test-method> <!-- preReq -->
        <test-method status="FAIL" signature="invokeChromeDriver()[pri:0, instance:comNGFramework.Practice04_GroupingTests@5fe5c6f]" name="invokeChromeDriver" is-config="true" duration-ms="0" started-at="2017-09-07T22:41:21Z" finished-at="2017-09-07T22:41:21Z">
          <exception class="org.openqa.selenium.WebDriverException">
            <message>
              <![CDATA[chrome not reachable
  (Session info: chrome=60.0.3112.113)
  (Driver info: chromedriver=2.31.488763 (092de99f48a300323ecf8c2a4e2e7cab51de5ba8),platform=Windows NT 10.0.15063 x86_64) (WARNING: The server did not provide any stacktrace information)
Command duration or timeout: 0 milliseconds
Build info: version: '3.5.3', revision: 'a88d25fe6b', time: '2017-08-29T12:54:15.039Z'
System info: host: 'YOGA-FLAME', ip: '192.168.89.45', os.name: 'Windows 10', os.arch: 'amd64', os.version: '10.0', java.version: '1.8.0_131'
Driver info: org.openqa.selenium.chrome.ChromeDriver
Capabilities [{mobileEmulationEnabled=false, hasTouchScreen=false, platform=XP, acceptSslCerts=true, webStorageEnabled=true, browserName=chrome, takesScreenshot=true, javascriptEnabled=true, platformName=XP, setWindowRect=true, unexpectedAlertBehaviour=, applicationCacheEnabled=false, rotatable=false, networkConnectionEnabled=false, chrome={chromedriverVersion=2.31.488763 (092de99f48a300323ecf8c2a4e2e7cab51de5ba8), userDataDir=C:\Users\Paul\AppData\Local\Temp\scoped_dir16960_7989}, takesHeapSnapshot=true, pageLoadStrategy=normal, unhandledPromptBehavior=, databaseEnabled=false, handlesAlerts=true, version=60.0.3112.113, browserConnectionEnabled=false, nativeEvents=true, locationContextEnabled=true, cssSelectorsEnabled=true}]
Session ID: deb9819d8fd068c1983c3e3f8d173ccd]]>
            </message>
            <full-stacktrace>
              <![CDATA[org.openqa.selenium.WebDriverException: chrome not reachable
  (Session info: chrome=60.0.3112.113)
  (Driver info: chromedriver=2.31.488763 (092de99f48a300323ecf8c2a4e2e7cab51de5ba8),platform=Windows NT 10.0.15063 x86_64) (WARNING: The server did not provide any stacktrace information)
Command duration or timeout: 0 milliseconds
Build info: version: '3.5.3', revision: 'a88d25fe6b', time: '2017-08-29T12:54:15.039Z'
System info: host: 'YOGA-FLAME', ip: '192.168.89.45', os.name: 'Windows 10', os.arch: 'amd64', os.version: '10.0', java.version: '1.8.0_131'
Driver info: org.openqa.selenium.chrome.ChromeDriver
Capabilities [{mobileEmulationEnabled=false, hasTouchScreen=false, platform=XP, acceptSslCerts=true, webStorageEnabled=true, browserName=chrome, takesScreenshot=true, javascriptEnabled=true, platformName=XP, setWindowRect=true, unexpectedAlertBehaviour=, applicationCacheEnabled=false, rotatable=false, networkConnectionEnabled=false, chrome={chromedriverVersion=2.31.488763 (092de99f48a300323ecf8c2a4e2e7cab51de5ba8), userDataDir=C:\Users\Paul\AppData\Local\Temp\scoped_dir16960_7989}, takesHeapSnapshot=true, pageLoadStrategy=normal, unhandledPromptBehavior=, databaseEnabled=false, handlesAlerts=true, version=60.0.3112.113, browserConnectionEnabled=false, nativeEvents=true, locationContextEnabled=true, cssSelectorsEnabled=true}]
Session ID: deb9819d8fd068c1983c3e3f8d173ccd
	at sun.reflect.NativeConstructorAccessorImpl.newInstance0(Native Method)
	at sun.reflect.NativeConstructorAccessorImpl.newInstance(NativeConstructorAccessorImpl.java:62)
	at sun.reflect.DelegatingConstructorAccessorImpl.newInstance(DelegatingConstructorAccessorImpl.java:45)
	at java.lang.reflect.Constructor.newInstance(Constructor.java:423)
	at org.openqa.selenium.remote.ErrorHandler.createThrowable(ErrorHandler.java:215)
	at org.openqa.selenium.remote.ErrorHandler.throwIfResponseFailed(ErrorHandler.java:167)
	at org.openqa.selenium.remote.http.JsonHttpResponseCodec.reconstructValue(JsonHttpResponseCodec.java:40)
	at org.openqa.selenium.remote.http.AbstractHttpResponseCodec.decode(AbstractHttpResponseCodec.java:82)
	at org.openqa.selenium.remote.http.AbstractHttpResponseCodec.decode(AbstractHttpResponseCodec.java:45)
	at org.openqa.selenium.remote.HttpCommandExecutor.execute(HttpCommandExecutor.java:164)
	at org.openqa.selenium.remote.service.DriverCommandExecutor.execute(DriverCommandExecutor.java:82)
	at org.openqa.selenium.remote.RemoteWebDriver.execute(RemoteWebDriver.java:646)
	at org.openqa.selenium.remote.RemoteWebDriver.get(RemoteWebDriver.java:370)
	at comNGFramework.Practice04_GroupingTests.invokeChromeDriver(Practice04_GroupingTests.java:21)
	at sun.reflect.NativeMethodAccessorImpl.invoke0(Native Method)
	at sun.reflect.NativeMethodAccessorImpl.invoke(NativeMethodAccessorImpl.java:62)
	at sun.reflect.DelegatingMethodAccessorImpl.invoke(DelegatingMethodAccessorImpl.java:43)
	at java.lang.reflect.Method.invoke(Method.java:498)
	at org.testng.internal.MethodInvocationHelper.invokeMethod(MethodInvocationHelper.java:85)
	at org.testng.internal.Invoker.invokeConfigurationMethod(Invoker.java:510)
	at org.testng.internal.Invoker.invokeConfigurations(Invoker.java:211)
	at org.testng.internal.Invoker.invokeConfigurations(Invoker.java:138)
	at org.testng.TestRunner.beforeRun(TestRunner.java:648)
	at org.testng.TestRunner.run(TestRunner.java:616)
	at org.testng.SuiteRunner.runTest(SuiteRunner.java:359)
	at org.testng.SuiteRunner.runSequentially(SuiteRunner.java:354)
	at org.testng.SuiteRunner.privateRun(SuiteRunner.java:312)
	at org.testng.SuiteRunner.run(SuiteRunner.java:261)
	at org.testng.SuiteRunnerWorker.runSuite(SuiteRunnerWorker.java:52)
	at org.testng.SuiteRunnerWorker.run(SuiteRunnerWorker.java:86)
	at org.testng.TestNG.runSuitesSequentially(TestNG.java:1215)
	at org.testng.TestNG.runSuitesLocally(TestNG.java:1140)
	at org.testng.TestNG.run(TestNG.java:1048)
	at org.testng.TestNG.privateMain(TestNG.java:1355)
	at org.testng.TestNG.main(TestNG.java:1324)
]]>
            </full-stacktrace>
          </exception> <!-- org.openqa.selenium.WebDriverException -->
          <reporter-output>
          </reporter-output>
        </test-method> <!-- invokeChromeDriver -->
        <test-method status="SKIP" signature="InvokeWebDriver()[pri:0, instance:comNGFramework.Practice06_ParamatisingFromXML@6979e8cb]" name="InvokeWebDriver" is-config="true" duration-ms="0" started-at="2017-09-07T22:41:32Z" finished-at="2017-09-07T22:41:32Z">
          <reporter-output>
          </reporter-output>
        </test-method> <!-- InvokeWebDriver -->
        <test-method status="SKIP" signature="initiateChromeLaunch()[pri:0, instance:comNGFramework.Practice07b_GllobalParamPlayAround@763d9750]" name="initiateChromeLaunch" is-config="true" duration-ms="0" started-at="2017-09-07T22:41:32Z" finished-at="2017-09-07T22:41:32Z">
          <reporter-output>
          </reporter-output>
        </test-method> <!-- initiateChromeLaunch -->
        <test-method status="SKIP" signature="printErrorMessage()[pri:0, instance:comNGFramework.Practice01_Annotations@2471cca7]" name="printErrorMessage" duration-ms="0" started-at="2017-09-07T22:41:32Z" finished-at="2017-09-07T22:41:32Z">
          <reporter-output>
          </reporter-output>
        </test-method> <!-- printErrorMessage -->
        <test-method status="SKIP" signature="openingBrowser()[pri:0, instance:comNGFramework.Practice01_Annotations@2471cca7]" name="openingBrowser" duration-ms="0" started-at="2017-09-07T22:41:32Z" finished-at="2017-09-07T22:41:32Z">
          <reporter-output>
          </reporter-output>
        </test-method> <!-- openingBrowser -->
        <test-method status="SKIP" signature="postMethodResult()[pri:0, instance:comNGFramework.Practice01_Annotations@2471cca7]" name="postMethodResult" is-config="true" duration-ms="0" started-at="2017-09-07T22:41:32Z" finished-at="2017-09-07T22:41:32Z">
          <reporter-output>
          </reporter-output>
        </test-method> <!-- postMethodResult -->
        <test-method status="SKIP" signature="userGeneratedID()[pri:0, instance:comNGFramework.Practice01_Annotations@2471cca7]" name="userGeneratedID" is-config="true" duration-ms="0" started-at="2017-09-07T22:41:32Z" finished-at="2017-09-07T22:41:32Z">
          <reporter-output>
          </reporter-output>
        </test-method> <!-- userGeneratedID -->
        <test-method status="SKIP" signature="postMethodResult()[pri:0, instance:comNGFramework.Practice01_Annotations@2471cca7]" name="postMethodResult" is-config="true" duration-ms="0" started-at="2017-09-07T22:41:32Z" finished-at="2017-09-07T22:41:32Z">
          <reporter-output>
          </reporter-output>
        </test-method> <!-- postMethodResult -->
        <test-method status="SKIP" signature="userGeneratedID()[pri:0, instance:comNGFramework.Practice01_Annotations@2471cca7]" name="userGeneratedID" is-config="true" duration-ms="0" started-at="2017-09-07T22:41:32Z" finished-at="2017-09-07T22:41:32Z">
          <reporter-output>
          </reporter-output>
        </test-method> <!-- userGeneratedID -->
        <test-method status="SKIP" signature="closeBrowser()[pri:0, instance:comNGFramework.Practice04_GroupingTests@5fe5c6f]" name="closeBrowser" is-config="true" duration-ms="0" started-at="2017-09-07T22:41:32Z" finished-at="2017-09-07T22:41:32Z">
          <reporter-output>
          </reporter-output>
        </test-method> <!-- closeBrowser -->
        <test-method status="SKIP" signature="delCookiesCloseBrowser()[pri:0, instance:comNGFramework.Practice01_Annotations@2471cca7]" name="delCookiesCloseBrowser" is-config="true" duration-ms="0" started-at="2017-09-07T22:41:32Z" finished-at="2017-09-07T22:41:32Z">
          <reporter-output>
          </reporter-output>
        </test-method> <!-- delCookiesCloseBrowser -->
      </class> <!-- comNGFramework.Practice01_Annotations -->
      <class name="comNGFramework.Practice08_IfElseWebDrivers">
        <test-method status="SKIP" signature="login()[pri:0, instance:comNGFramework.Practice08_IfElseWebDrivers@17ed40e0]" name="login" duration-ms="0" started-at="2017-09-07T22:41:32Z" finished-at="2017-09-07T22:41:32Z">
          <reporter-output>
          </reporter-output>
        </test-method> <!-- login -->
      </class> <!-- comNGFramework.Practice08_IfElseWebDrivers -->
      <class name="comNGFramework.Practice04_GroupingTests">
        <test-method status="SKIP" signature="openSocialMedia()[pri:0, instance:comNGFramework.Practice04_GroupingTests@5fe5c6f]" name="openSocialMedia" duration-ms="0" started-at="2017-09-07T22:41:32Z" finished-at="2017-09-07T22:41:32Z">
          <reporter-output>
          </reporter-output>
        </test-method> <!-- openSocialMedia -->
        <test-method status="SKIP" signature="openContactForm()[pri:0, instance:comNGFramework.Practice04_GroupingTests@5fe5c6f]" name="openContactForm" duration-ms="0" started-at="2017-09-07T22:41:32Z" finished-at="2017-09-07T22:41:32Z">
          <reporter-output>
          </reporter-output>
        </test-method> <!-- openContactForm -->
        <test-method status="SKIP" signature="assertSitemapPage()[pri:0, instance:comNGFramework.Practice04_GroupingTests@5fe5c6f]" name="assertSitemapPage" duration-ms="0" started-at="2017-09-07T22:41:32Z" finished-at="2017-09-07T22:41:32Z">
          <reporter-output>
          </reporter-output>
        </test-method> <!-- assertSitemapPage -->
      </class> <!-- comNGFramework.Practice04_GroupingTests -->
      <class name="comNGFramework.Practice05_DataDrivenMethod">
        <test-method status="SKIP" signature="testCountDropMethod(java.lang.String, java.lang.String)[pri:0, instance:comNGFramework.Practice05_DataDrivenMethod@2be94b0f]" name="testCountDropMethod" duration-ms="0" started-at="2017-09-07T22:41:32Z" data-provider="countDropItems" finished-at="2017-09-07T22:41:32Z">
          <params>
            <param index="0">
              <value>
                <![CDATA[]]>
              </value>
            </param>
            <param index="1">
              <value>
                <![CDATA[]]>
              </value>
            </param>
          </params>
          <reporter-output>
          </reporter-output>
        </test-method> <!-- testCountDropMethod -->
        <test-method status="SKIP" signature="testCountDropMethod(java.lang.String, java.lang.String)[pri:0, instance:comNGFramework.Practice05_DataDrivenMethod@2be94b0f]" name="testCountDropMethod" duration-ms="0" started-at="2017-09-07T22:41:32Z" data-provider="countDropItems" finished-at="2017-09-07T22:41:32Z">
          <params>
            <param index="0">
              <value>
                <![CDATA[Second run just a string passed]]>
              </value>
            </param>
            <param index="1">
              <value>
                <![CDATA[First bracket has the iteration number, other is the second parameter]]>
              </value>
            </param>
          </params>
          <reporter-output>
          </reporter-output>
        </test-method> <!-- testCountDropMethod -->
        <test-method status="SKIP" signature="testCountDropMethod(java.lang.String, java.lang.String)[pri:0, instance:comNGFramework.Practice05_DataDrivenMethod@2be94b0f]" name="testCountDropMethod" duration-ms="0" started-at="2017-09-07T22:41:32Z" data-provider="countDropItems" finished-at="2017-09-07T22:41:32Z">
          <params>
            <param index="0">
              <value>
                <![CDATA[//div[@class='btn-group bootstrap-select show-tick']/button[@title='Practice']]]>
              </value>
            </param>
            <param index="1">
              <value>
                <![CDATA[//button[@title='Practice']/../select[@name='practice']/option]]>
              </value>
            </param>
          </params>
          <reporter-output>
          </reporter-output>
        </test-method> <!-- testCountDropMethod -->
      </class> <!-- comNGFramework.Practice05_DataDrivenMethod -->
      <class name="comNGFramework.Practice10_InheritanceExtends">
        <test-method status="SKIP" signature="openBrowser()[pri:0, instance:comNGFramework.Practice10_InheritanceExtends@50675690]" name="openBrowser" duration-ms="0" started-at="2017-09-07T22:41:32Z" finished-at="2017-09-07T22:41:32Z">
          <reporter-output>
          </reporter-output>
        </test-method> <!-- openBrowser -->
      </class> <!-- comNGFramework.Practice10_InheritanceExtends -->
      <class name="comNGFramework.Practice03_DependencyAnnotations">
        <test-method status="SKIP" signature="openBrowser()[pri:0, instance:comNGFramework.Practice03_DependencyAnnotations@5c0369c4]" name="openBrowser" duration-ms="0" started-at="2017-09-07T22:41:32Z" finished-at="2017-09-07T22:41:32Z">
          <reporter-output>
          </reporter-output>
        </test-method> <!-- openBrowser -->
        <test-method status="SKIP" signature="timeOutAttribute()[pri:0, instance:comNGFramework.Practice03_DependencyAnnotations@5c0369c4]" name="timeOutAttribute" duration-ms="0" started-at="2017-09-07T22:41:32Z" finished-at="2017-09-07T22:41:32Z">
          <reporter-output>
          </reporter-output>
        </test-method> <!-- timeOutAttribute -->
        <test-method status="SKIP" signature="openTravelWebsite()[pri:0, instance:comNGFramework.Practice03_DependencyAnnotations@5c0369c4]" name="openTravelWebsite" duration-ms="0" started-at="2017-09-07T22:41:32Z" depends-on-methods="comNGFramework.Practice03_DependencyAnnotations.openBrowser" finished-at="2017-09-07T22:41:32Z">
          <reporter-output>
          </reporter-output>
        </test-method> <!-- openTravelWebsite -->
      </class> <!-- comNGFramework.Practice03_DependencyAnnotations -->
      <class name="comNGFramework.Practice07_GllobalParameterization">
        <test-method status="SKIP" signature="login()[pri:0, instance:comNGFramework.Practice07_GllobalParameterization@d70c109]" name="login" duration-ms="0" started-at="2017-09-07T22:41:32Z" finished-at="2017-09-07T22:41:32Z">
          <reporter-output>
          </reporter-output>
        </test-method> <!-- login -->
      </class> <!-- comNGFramework.Practice07_GllobalParameterization -->
      <class name="comNGFramework.Practice06_ParamatisingFromXML">
        <test-method status="SKIP" signature="testing(java.lang.String, java.lang.String)[pri:0, instance:comNGFramework.Practice06_ParamatisingFromXML@6979e8cb]" name="testing" duration-ms="0" started-at="2017-09-07T22:41:32Z" finished-at="2017-09-07T22:41:32Z">
          <exception class="org.testng.TestNGException">
            <message>
              <![CDATA[
Parameter 'LiveSite' is required by @Test on method testing but has not been marked @Optional or defined
in C:\Users\Paul\eclipse-workspace\comNGFramework\RunPackageLevel.xml]]>
            </message>
            <full-stacktrace>
              <![CDATA[org.testng.TestNGException: 
Parameter 'LiveSite' is required by @Test on method testing but has not been marked @Optional or defined
in C:\Users\Paul\eclipse-workspace\comNGFramework\RunPackageLevel.xml
	at org.testng.internal.Parameters.createParameters(Parameters.java:154)
	at org.testng.internal.Parameters.createParameters(Parameters.java:361)
	at org.testng.internal.Parameters.handleParameters(Parameters.java:451)
	at org.testng.internal.Invoker.handleParameters(Invoker.java:1270)
	at org.testng.internal.Invoker.createParameters(Invoker.java:985)
	at org.testng.internal.Invoker.invokeTestMethods(Invoker.java:1075)
	at org.testng.internal.TestMethodWorker.invokeTestMethods(TestMethodWorker.java:125)
	at org.testng.internal.TestMethodWorker.run(TestMethodWorker.java:108)
	at org.testng.TestRunner.privateRun(TestRunner.java:774)
	at org.testng.TestRunner.run(TestRunner.java:624)
	at org.testng.SuiteRunner.runTest(SuiteRunner.java:359)
	at org.testng.SuiteRunner.runSequentially(SuiteRunner.java:354)
	at org.testng.SuiteRunner.privateRun(SuiteRunner.java:312)
	at org.testng.SuiteRunner.run(SuiteRunner.java:261)
	at org.testng.SuiteRunnerWorker.runSuite(SuiteRunnerWorker.java:52)
	at org.testng.SuiteRunnerWorker.run(SuiteRunnerWorker.java:86)
	at org.testng.TestNG.runSuitesSequentially(TestNG.java:1215)
	at org.testng.TestNG.runSuitesLocally(TestNG.java:1140)
	at org.testng.TestNG.run(TestNG.java:1048)
	at org.testng.TestNG.privateMain(TestNG.java:1355)
	at org.testng.TestNG.main(TestNG.java:1324)
]]>
            </full-stacktrace>
          </exception> <!-- org.testng.TestNGException -->
          <reporter-output>
          </reporter-output>
        </test-method> <!-- testing -->
      </class> <!-- comNGFramework.Practice06_ParamatisingFromXML -->
    </test> <!-- Checking annotations -->
  </suite> <!-- Automation from package level -->
</testng-results>
